<?xml version="1.0" encoding="UTF-8"?>
<!-- Generated by org.testng.reporters.JUnitXMLReporter -->
<testsuite ignored="5" hostname="DESKTOP-J4MDNS6" failures="0" tests="3" name="SmokeTest" time="0.058" errors="0" timestamp="2022-05-19T19:52:29 EDT">
  <testcase classname="Selenium_day9.Grouping_testNG" name="a" time="0.008"/>
  <testcase classname="Selenium_day9.Grouping_testNG" name="b" time="0.001"/>
  <testcase classname="Selenium_day9.Grouping_testNG" name="c" time="0.002"/>
  <testcase classname="Selenium_day9.OpenBrowser" name="Test" time="0.0">
    <ignored/>
  </testcase> <!-- Test -->
  <testcase classname="Selenium_day9.testPriorityInTestNG" name="A" time="0.0">
    <ignored/>
  </testcase> <!-- A -->
  <testcase classname="Selenium_day9.NewTest" name="f" time="0.0">
    <ignored/>
  </testcase> <!-- f -->
  <testcase classname="Selenium_day9.testPriorityInTestNG" name="C" time="0.0">
    <ignored/>
  </testcase> <!-- C -->
  <testcase classname="Selenium_day9.testPriorityInTestNG" name="B" time="0.0">
    <ignored/>
  </testcase> <!-- B -->
</testsuite> <!-- SmokeTest -->
